[prod_bias=0.1 lex_bias=0.05] -> /Users/milamarcheva/Desktop/inside-outside/milas_grammars/results/productions_NVA_VB_pb0p1_lb0p05_results.txt
# rule_bias_default (-a) = 0, stoptol (-s) = 1e-07, minruleprob (-p) = 1e-20, maxlen (-l) = 0, minits (-m) = 10, maxits = (-n) = 50, annealstart (-b) = 1, annealstop (-B) = 1, nanneal (-N) = 0, jitter0 (-j) = 0, jitter (-J) = 0, VariationalBayes (-V) = 1, wordscale (-W) = 10, randseed (-S) = 97, debuglevel (-d) = 1000, nruns (-R) = 1
# Run 0
# Iteration	temperature	nrules	-logP	bits/token
0	1	25341	2.54328e+07	22.9017
1	1	25341	1.16247e+07	10.4678
2	1	25341	1.15358e+07	10.3877
3	1	25341	1.14663e+07	10.3251
4	1	25341	1.14444e+07	10.3054
5	1	25341	1.14493e+07	10.3098
6	1	25341	1.14534e+07	10.3136
7	1	25341	1.14528e+07	10.313
8	1	25341	1.1448e+07	10.3087
9	1	25341	1.14384e+07	10.3
10	1	25341	1.1423e+07	10.2862
11	1	25341	1.14034e+07	10.2685
12	1	25341	1.1383e+07	10.2501
13	1	25341	1.13654e+07	10.2343
14	1	25341	1.13526e+07	10.2228
15	1	25341	1.13446e+07	10.2156
16	1	25341	1.13401e+07	10.2115
17	1	25341	1.13377e+07	10.2093
18	1	25341	1.13363e+07	10.2081
19	1	25341	1.13354e+07	10.2073
20	1	25341	1.13348e+07	10.2068
21	1	25341	1.13344e+07	10.2064
22	1	25341	1.13341e+07	10.2061
23	1	25341	1.13338e+07	10.2059
24	1	25341	1.13336e+07	10.2057
25	1	25341	1.13334e+07	10.2054
26	1	25341	1.13331e+07	10.2052
27	1	25341	1.13323e+07	10.2045
28	1	25341	1.13311e+07	10.2034
29	1	25341	1.13298e+07	10.2022
30	1	25341	1.13291e+07	10.2016
31	1	25341	1.13281e+07	10.2007
32	1	25341	1.13272e+07	10.1999
33	1	25341	1.13267e+07	10.1994
34	1	25341	1.1326e+07	10.1989
35	1	25341	1.13254e+07	10.1983
36	1	25341	1.13249e+07	10.1978
37	1	25341	1.13244e+07	10.1974
38	1	25341	1.13239e+07	10.1969
39	1	25341	1.13234e+07	10.1965
40	1	25341	1.13229e+07	10.196
41	1	25341	1.13224e+07	10.1956
42	1	25341	1.13219e+07	10.1951
43	1	25341	1.13214e+07	10.1947
44	1	25341	1.1321e+07	10.1943
45	1	25341	1.13205e+07	10.1939
46	1	25341	1.132e+07	10.1935
47	1	25341	1.13195e+07	10.193
48	1	25341	1.1319e+07	10.1926
49	1	25341	1.13185e+07	10.192
50	1	25341	1.13178e+07	10.1915
# run 0, entropy 10.1915, 25341 rules
